<?xml version="1.0" encoding="UTF-8"?>
<!-- Generated by org.testng.reporters.JUnitXMLReporter -->
<testsuite ignored="0" hostname="LAPTOP-R0LDLEQH" failures="0" tests="3" name="Test" time="22.113" errors="0" timestamp="2024-06-29T12:38:40 IST">
  <testcase classname="com.sauceDemoProject.Test.TC_01_VerifyLoginFunctionality" name="verifyLoginFunctionality" time="0.796"/>
  <testcase classname="com.sauceDemoProject.Test.TC_02_VerifyAddToCartFunct" name="AddToCart" time="2.831"/>
  <testcase classname="com.sauceDemoProject.Test.TC_03_VerifyCheckOutFunctionality" name="verifyCheckoutFuct" time="1.216"/>
</testsuite> <!-- Test -->
