<?xml version="1.0" encoding="UTF-8"?>
<testng-results ignored="0" total="3" passed="3" failed="0" skipped="0">
  <reporter-output>
  </reporter-output>
  <suite started-at="2024-06-29T12:38:17 IST" name="Suite" finished-at="2024-06-29T12:38:39 IST" duration-ms="22113">
    <groups>
    </groups>
    <test started-at="2024-06-29T12:38:17 IST" name="Test" finished-at="2024-06-29T12:38:39 IST" duration-ms="22113">
      <class name="com.sauceDemoProject.Test.TC_01_VerifyLoginFunctionality">
        <test-method is-config="true" signature="setUp()[pri:0, instance:com.sauceDemoProject.Test.TC_01_VerifyLoginFunctionality@1165b38]" started-at="2024-06-29T12:38:17 IST" name="setUp" finished-at="2024-06-29T12:38:23 IST" duration-ms="5732" status="PASS">
          <reporter-output>
          </reporter-output>
        </test-method> <!-- setUp -->
        <test-method signature="verifyLoginFunctionality()[pri:0, instance:com.sauceDemoProject.Test.TC_01_VerifyLoginFunctionality@1165b38]" started-at="2024-06-29T12:38:23 IST" name="verifyLoginFunctionality" finished-at="2024-06-29T12:38:24 IST" duration-ms="796" status="PASS">
          <reporter-output>
          </reporter-output>
        </test-method> <!-- verifyLoginFunctionality -->
        <test-method is-config="true" signature="tearDown()[pri:0, instance:com.sauceDemoProject.Test.TC_01_VerifyLoginFunctionality@1165b38]" started-at="2024-06-29T12:38:24 IST" name="tearDown" finished-at="2024-06-29T12:38:24 IST" duration-ms="404" status="PASS">
          <reporter-output>
          </reporter-output>
        </test-method> <!-- tearDown -->
      </class> <!-- com.sauceDemoProject.Test.TC_01_VerifyLoginFunctionality -->
      <class name="com.sauceDemoProject.Test.TC_02_VerifyAddToCartFunct">
        <test-method is-config="true" signature="setUp()[pri:0, instance:com.sauceDemoProject.Test.TC_02_VerifyAddToCartFunct@4c12331b]" started-at="2024-06-29T12:38:24 IST" name="setUp" finished-at="2024-06-29T12:38:29 IST" duration-ms="4948" status="PASS">
          <reporter-output>
          </reporter-output>
        </test-method> <!-- setUp -->
        <test-method signature="AddToCart()[pri:0, instance:com.sauceDemoProject.Test.TC_02_VerifyAddToCartFunct@4c12331b]" started-at="2024-06-29T12:38:29 IST" name="AddToCart" finished-at="2024-06-29T12:38:32 IST" duration-ms="2831" status="PASS">
          <reporter-output>
          </reporter-output>
        </test-method> <!-- AddToCart -->
        <test-method is-config="true" signature="tearDown()[pri:0, instance:com.sauceDemoProject.Test.TC_02_VerifyAddToCartFunct@4c12331b]" started-at="2024-06-29T12:38:32 IST" name="tearDown" finished-at="2024-06-29T12:38:32 IST" duration-ms="294" status="PASS">
          <reporter-output>
          </reporter-output>
        </test-method> <!-- tearDown -->
      </class> <!-- com.sauceDemoProject.Test.TC_02_VerifyAddToCartFunct -->
      <class name="com.sauceDemoProject.Test.TC_03_VerifyCheckOutFunctionality">
        <test-method is-config="true" signature="setUp()[pri:0, instance:com.sauceDemoProject.Test.TC_03_VerifyCheckOutFunctionality@7586beff]" started-at="2024-06-29T12:38:32 IST" name="setUp" finished-at="2024-06-29T12:38:38 IST" duration-ms="5234" status="PASS">
          <reporter-output>
          </reporter-output>
        </test-method> <!-- setUp -->
        <test-method signature="verifyCheckoutFuct()[pri:0, instance:com.sauceDemoProject.Test.TC_03_VerifyCheckOutFunctionality@7586beff]" started-at="2024-06-29T12:38:38 IST" name="verifyCheckoutFuct" finished-at="2024-06-29T12:38:39 IST" duration-ms="1216" status="PASS">
          <reporter-output>
          </reporter-output>
        </test-method> <!-- verifyCheckoutFuct -->
        <test-method is-config="true" signature="tearDown()[pri:0, instance:com.sauceDemoProject.Test.TC_03_VerifyCheckOutFunctionality@7586beff]" started-at="2024-06-29T12:38:39 IST" name="tearDown" finished-at="2024-06-29T12:38:39 IST" duration-ms="259" status="PASS">
          <reporter-output>
          </reporter-output>
        </test-method> <!-- tearDown -->
      </class> <!-- com.sauceDemoProject.Test.TC_03_VerifyCheckOutFunctionality -->
    </test> <!-- Test -->
  </suite> <!-- Suite -->
</testng-results>
